#
# There is insufficient memory for the Java Runtime Environment to continue.
# Native memory allocation (malloc) failed to allocate 238416 bytes for Chunk::new
# Possible reasons:
#   The system is out of physical RAM or swap space
#   In 32 bit mode, the process size limit was hit
# Possible solutions:
#   Reduce memory load on the system
#   Increase physical memory or swap space
#   Check if swap backing store is full
#   Use 64 bit Java on a 64 bit OS
#   Decrease Java heap size (-Xmx/-Xms)
#   Decrease number of Java threads
#   Decrease Java thread stack sizes (-Xss)
#   Set larger code cache with -XX:ReservedCodeCacheSize=
# This output file may be truncated or incomplete.
#
#  Out of Memory Error (allocation.cpp:390), pid=12192, tid=0x0000000000002cc8
#
# JRE version: Java(TM) SE Runtime Environment (8.0_121-b13) (build 1.8.0_121-b13)
# Java VM: Java HotSpot(TM) 64-Bit Server VM (25.121-b13 mixed mode windows-amd64 compressed oops)
# Failed to write core dump. Minidumps are not enabled by default on client versions of Windows
#

---------------  T H R E A D  ---------------

Current thread (0x000000001570f800):  JavaThread "C2 CompilerThread1" daemon [_thread_in_native, id=11464, stack(0x0000000016e50000,0x0000000016f50000)]

Stack: [0x0000000016e50000,0x0000000016f50000]
[error occurred during error reporting (printing stack bounds), id 0xc0000005]

Native frames: (J=compiled Java code, j=interpreted, Vv=VM code, C=native code)


Current CompileTask:
C2:    805  716   !   4       sun.font.TrueTypeFont::getTableBuffer (199 bytes)


---------------  P R O C E S S  ---------------

Java Threads: ( => current thread )
  0x0000000002fe0800 JavaThread "DestroyJavaVM" [_thread_blocked, id=12056, stack(0x0000000002ee0000,0x0000000002fe0000)]
  0x0000000017868000 JavaThread "AWT-EventQueue-0" [_thread_in_Java, id=10988, stack(0x0000000018ad0000,0x0000000018bd0000)]
  0x00000000177c6800 JavaThread "Image Fetcher 0" daemon [_thread_blocked, id=10564, stack(0x00000000187d0000,0x00000000188d0000)]
  0x0000000017431000 JavaThread "AWT-Windows" daemon [_thread_in_native, id=12052, stack(0x0000000018200000,0x0000000018300000)]
  0x000000001740e800 JavaThread "AWT-Shutdown" [_thread_blocked, id=7188, stack(0x0000000018100000,0x0000000018200000)]
  0x000000001740d800 JavaThread "Java2D Disposer" daemon [_thread_blocked, id=2296, stack(0x0000000018000000,0x0000000018100000)]
  0x000000001576d800 JavaThread "Service Thread" daemon [_thread_blocked, id=11768, stack(0x0000000017450000,0x0000000017550000)]
  0x000000001571e800 JavaThread "C1 CompilerThread2" daemon [_thread_in_native, id=10296, stack(0x0000000016f50000,0x0000000017050000)]
=>0x000000001570f800 JavaThread "C2 CompilerThread1" daemon [_thread_in_native, id=11464, stack(0x0000000016e50000,0x0000000016f50000)]
  0x000000001570b800 JavaThread "C2 CompilerThread0" daemon [_thread_blocked, id=11332, stack(0x0000000016d50000,0x0000000016e50000)]
  0x000000001570a800 JavaThread "Attach Listener" daemon [_thread_blocked, id=11288, stack(0x0000000016c50000,0x0000000016d50000)]
  0x0000000015709000 JavaThread "Signal Dispatcher" daemon [_thread_blocked, id=11888, stack(0x0000000016b50000,0x0000000016c50000)]
  0x00000000156f8800 JavaThread "Finalizer" daemon [_thread_blocked, id=11140, stack(0x0000000016960000,0x0000000016a60000)]
  0x00000000030d1000 JavaThread "Reference Handler" daemon [_thread_blocked, id=12164, stack(0x0000000016860000,0x0000000016960000)]

Other Threads:
  0x00000000156d6800 VMThread [stack: 0x0000000016760000,0x0000000016860000] [id=10260]
  0x000000001576e800 WatcherThread [stack: 0x0000000017550000,0x0000000017650000] [id=6396]

VM state:not at safepoint (normal execution)

VM Mutex/Monitor currently owned by a thread: None

Heap:
 PSYoungGen      total 18944K, used 5421K [0x00000000eb000000, 0x00000000ec500000, 0x0000000100000000)
  eden space 16384K, 17% used [0x00000000eb000000,0x00000000eb2cf480,0x00000000ec000000)
  from space 2560K, 99% used [0x00000000ec000000,0x00000000ec27c010,0x00000000ec280000)
  to   space 2560K, 0% used [0x00000000ec280000,0x00000000ec280000,0x00000000ec500000)
 ParOldGen       total 44032K, used 4310K [0x00000000c1000000, 0x00000000c3b00000, 0x00000000eb000000)
  object space 44032K, 9% used [0x00000000c1000000,0x00000000c1435ab0,0x00000000c3b00000)
 Metaspace       used 11702K, capacity 11904K, committed 12160K, reserved 1060864K
  class space    used 1484K, capacity 1554K, committed 1664K, reserved 1048576K

Card table byte_map: [0x00000000124a0000,0x00000000126a0000] byte_map_base: 0x0000000011e98000

Marking Bits: (ParMarkBitMap*) 0x0000000059a5b6d0
 Begin Bits: [0x0000000012bf0000, 0x0000000013bb0000)
 End Bits:   [0x0000000013bb0000, 0x0000000014b70000)

Polling page: 0x00000000011b0000

CodeCache: size=245760Kb used=2749Kb max_used=2749Kb free=243010Kb
 bounds [0x00000000030e0000, 0x00000000033a0000, 0x00000000120e0000]
 total_blobs=1200 nmethods=719 adapters=394
 compilation: enabled

Compilation events (10 events):
Event: 0.709 Thread 0x000000001571e800 nmethod 711 0x0000000003389b50 code [0x0000000003389d20, 0x000000000338a498]
Event: 0.709 Thread 0x000000001571e800  713  s    3       sun.font.FontFamily::addLocaleNames (45 bytes)
Event: 0.710 Thread 0x000000001571e800 nmethod 713 0x000000000338c310 code [0x000000000338c4e0, 0x000000000338cd18]
Event: 0.710 Thread 0x000000001571e800  712   !   3       sun.font.TrueTypeFont::getAllFamilyNames (33 bytes)
Event: 0.710 Thread 0x000000001571e800 nmethod 712 0x000000000338b650 code [0x000000000338b820, 0x000000000338bf98]
Event: 0.714 Thread 0x000000001570b800  714       4       java.util.HashMap::resize (359 bytes)
Event: 0.718 Thread 0x000000001570f800  715       4       java.nio.channels.spi.AbstractInterruptibleChannel::end (50 bytes)
Event: 0.721 Thread 0x000000001570f800 nmethod 715 0x0000000003389550 code [0x00000000033896a0, 0x0000000003389978]
Event: 0.721 Thread 0x000000001570f800  716   !   4       sun.font.TrueTypeFont::getTableBuffer (199 bytes)
Event: 0.722 Thread 0x000000001570b800 nmethod 714 0x000000000338e850 code [0x000000000338e9e0, 0x000000000338ef78]

GC Heap History (2 events):
Event: 0.692 GC heap before
{Heap before GC invocations=1 (full 0):
 PSYoungGen      total 18944K, used 16384K [0x00000000eb000000, 0x00000000ec500000, 0x0000000100000000)
  eden space 16384K, 100% used [0x00000000eb000000,0x00000000ec000000,0x00000000ec000000)
  from space 2560K, 0% used [0x00000000ec280000,0x00000000ec280000,0x00000000ec500000)
  to   space 2560K, 0% used [0x00000000ec000000,0x00000000ec000000,0x00000000ec280000)
 ParOldGen       total 44032K, used 0K [0x00000000c1000000, 0x00000000c3b00000, 0x00000000eb000000)
  object space 44032K, 0% used [0x00000000c1000000,0x00000000c1000000,0x00000000c3b00000)
 Metaspace       used 11670K, capacity 11904K, committed 12160K, reserved 1060864K
  class space    used 1475K, capacity 1554K, committed 1664K, reserved 1048576K
Event: 0.699 GC heap after
Heap after GC invocations=1 (full 0):
 PSYoungGen      total 18944K, used 2544K [0x00000000eb000000, 0x00000000ec500000, 0x0000000100000000)
  eden space 16384K, 0% used [0x00000000eb000000,0x00000000eb000000,0x00000000ec000000)
  from space 2560K, 99% used [0x00000000ec000000,0x00000000ec27c010,0x00000000ec280000)
  to   space 2560K, 0% used [0x00000000ec280000,0x00000000ec280000,0x00000000ec500000)
 ParOldGen       total 44032K, used 4310K [0x00000000c1000000, 0x00000000c3b00000, 0x00000000eb000000)
  object space 44032K, 9% used [0x00000000c1000000,0x00000000c1435ab0,0x00000000c3b00000)
 Metaspace       used 11670K, capacity 11904K, committed 12160K, reserved 1060864K
  class space    used 1475K, capacity 1554K, committed 1664K, reserved 1048576K
}

Deoptimization events (6 events):
Event: 0.541 Thread 0x0000000017868000 Uncommon trap: reason=class_check action=maybe_recompile pc=0x0000000003256328 method=java.lang.String.equals(Ljava/lang/Object;)Z @ 8
Event: 0.541 Thread 0x0000000017868000 Uncommon trap: reason=class_check action=maybe_recompile pc=0x0000000003256328 method=java.lang.String.equals(Ljava/lang/Object;)Z @ 8
Event: 0.541 Thread 0x0000000017868000 Uncommon trap: reason=class_check action=maybe_recompile pc=0x0000000003256328 method=java.lang.String.equals(Ljava/lang/Object;)Z @ 8
Event: 0.541 Thread 0x0000000017868000 Uncommon trap: reason=class_check action=maybe_recompile pc=0x0000000003256328 method=java.lang.String.equals(Ljava/lang/Object;)Z @ 8
Event: 0.653 Thread 0x0000000017868000 Uncommon trap: reason=unstable_if action=reinterpret pc=0x00000000032f5238 method=java.lang.CharacterData.of(I)Ljava/lang/CharacterData; @ 4
Event: 0.675 Thread 0x0000000017868000 Uncommon trap: reason=unstable_if action=reinterpret pc=0x000000000337a2b4 method=java.lang.Character.isSurrogate(C)Z @ 3

Internal exceptions (10 events):
Event: 0.033 Thread 0x0000000002fe0800 Exception <a 'java/lang/NoSuchMethodError': Method sun.misc.Unsafe.prefetchRead(Ljava/lang/Object;J)V name or signature does not match> (0x00000000eb007f90) thrown at [C:\re\workspace\8-2-build-windows-amd64-cygwin\jdk8u121\8372\hotspot\src\share\vm\prims
Event: 0.139 Thread 0x0000000002fe0800 Exception <a 'java/security/PrivilegedActionException'> (0x00000000eb1119c0) thrown at [C:\re\workspace\8-2-build-windows-amd64-cygwin\jdk8u121\8372\hotspot\src\share\vm\prims\jvm.cpp, line 1390]
Event: 0.139 Thread 0x0000000002fe0800 Exception <a 'java/security/PrivilegedActionException'> (0x00000000eb111bd0) thrown at [C:\re\workspace\8-2-build-windows-amd64-cygwin\jdk8u121\8372\hotspot\src\share\vm\prims\jvm.cpp, line 1390]
Event: 0.140 Thread 0x0000000002fe0800 Exception <a 'java/security/PrivilegedActionException'> (0x00000000eb115ae0) thrown at [C:\re\workspace\8-2-build-windows-amd64-cygwin\jdk8u121\8372\hotspot\src\share\vm\prims\jvm.cpp, line 1390]
Event: 0.140 Thread 0x0000000002fe0800 Exception <a 'java/security/PrivilegedActionException'> (0x00000000eb115cf0) thrown at [C:\re\workspace\8-2-build-windows-amd64-cygwin\jdk8u121\8372\hotspot\src\share\vm\prims\jvm.cpp, line 1390]
Event: 0.143 Thread 0x0000000002fe0800 Exception <a 'java/io/FileNotFoundException'> (0x00000000eb118108) thrown at [C:\re\workspace\8-2-build-windows-amd64-cygwin\jdk8u121\8372\hotspot\src\share\vm\prims\jni.cpp, line 709]
Event: 0.181 Thread 0x0000000002fe0800 Exception <a 'java/lang/NoSuchFieldError': method resolution failed> (0x00000000eb1e59c8) thrown at [C:\re\workspace\8-2-build-windows-amd64-cygwin\jdk8u121\8372\hotspot\src\share\vm\prims\methodHandles.cpp, line 1146]
Event: 0.184 Thread 0x0000000002fe0800 Exception <a 'java/lang/NoSuchFieldError': method resolution failed> (0x00000000eb1f2da8) thrown at [C:\re\workspace\8-2-build-windows-amd64-cygwin\jdk8u121\8372\hotspot\src\share\vm\prims\methodHandles.cpp, line 1146]
Event: 0.229 Thread 0x0000000002fe0800 Exception <a 'java/io/FileNotFoundException'> (0x00000000eb286920) thrown at [C:\re\workspace\8-2-build-windows-amd64-cygwin\jdk8u121\8372\hotspot\src\share\vm\prims\jni.cpp, line 709]
Event: 0.426 Thread 0x00000000177c6800 Exception <a 'java/io/FileNotFoundException'> (0x00000000eb3875f8) thrown at [C:\re\workspace\8-2-build-windows-amd64-cygwin\jdk8u121\8372\hotspot\src\share\vm\prims\jni.cpp, line 709]

Events (10 events):
Event: 0.675 Thread 0x0000000017868000 DEOPT PACKING pc=0x000000000337a2b4 sp=0x0000000018bcba10
Event: 0.675 Thread 0x0000000017868000 DEOPT UNPACKING pc=0x000000000312582a sp=0x0000000018bcb938 mode 2
Event: 0.692 Executing VM operation: ParallelGCFailedAllocation
Event: 0.699 Executing VM operation: ParallelGCFailedAllocation done
Event: 0.726 loading class java/awt/print/PrinterGraphics
Event: 0.726 loading class java/awt/print/PrinterGraphics done
Event: 0.726 loading class java/awt/PrintGraphics
Event: 0.726 loading class java/awt/PrintGraphics done
Event: 0.727 loading class sun/java2d/loops/FontInfo
Event: 0.727 loading class sun/java2d/loops/FontInfo done


Dynamic libraries:
0x00007ff691e00000 - 0x00007ff691e37000 	C:\Program Files\Java\jdk1.8.0_121\bin\javaw.exe
0x00007ffbf9be0000 - 0x00007ffbf9db1000 	C:\Windows\SYSTEM32\ntdll.dll
0x00007ffbf9330000 - 0x00007ffbf93dc000 	C:\Windows\System32\KERNEL32.DLL
0x00007ffbf6f50000 - 0x00007ffbf716d000 	C:\Windows\System32\KERNELBASE.dll
0x00007ffbf9280000 - 0x00007ffbf9322000 	C:\Windows\System32\ADVAPI32.dll
0x00007ffbf8980000 - 0x00007ffbf8a1e000 	C:\Windows\System32\msvcrt.dll
0x00007ffbf9830000 - 0x00007ffbf9889000 	C:\Windows\System32\sechost.dll
0x00007ffbf8e30000 - 0x00007ffbf8f51000 	C:\Windows\System32\RPCRT4.dll
0x00007ffbf8fd0000 - 0x00007ffbf9135000 	C:\Windows\System32\USER32.dll
0x00007ffbf6d40000 - 0x00007ffbf6d5e000 	C:\Windows\System32\win32u.dll
0x00007ffbf8df0000 - 0x00007ffbf8e24000 	C:\Windows\System32\GDI32.dll
0x00007ffbf6d60000 - 0x00007ffbf6ee0000 	C:\Windows\System32\gdi32full.dll
0x00007ffbee460000 - 0x00007ffbee6da000 	C:\Windows\WinSxS\amd64_microsoft.windows.common-controls_6595b64144ccf1df_6.0.14393.953_none_42151e83c686086b\COMCTL32.dll
0x00007ffbf8b20000 - 0x00007ffbf8de8000 	C:\Windows\System32\combase.dll
0x00007ffbf6b90000 - 0x00007ffbf6c85000 	C:\Windows\System32\ucrtbase.dll
0x00007ffbf6ee0000 - 0x00007ffbf6f4a000 	C:\Windows\System32\bcryptPrimitives.dll
0x00007ffbf98f0000 - 0x00007ffbf991e000 	C:\Windows\System32\IMM32.DLL
0x0000000059ae0000 - 0x0000000059bb2000 	C:\Program Files\Java\jdk1.8.0_121\jre\bin\msvcr100.dll
0x0000000059240000 - 0x0000000059adb000 	C:\Program Files\Java\jdk1.8.0_121\jre\bin\server\jvm.dll
0x00007ffbf93e0000 - 0x00007ffbf93e8000 	C:\Windows\System32\PSAPI.DLL
0x00007ffbe1b20000 - 0x00007ffbe1b29000 	C:\Windows\SYSTEM32\WSOCK32.dll
0x00007ffbf3cf0000 - 0x00007ffbf3d13000 	C:\Windows\SYSTEM32\WINMM.dll
0x00007ffbf8f60000 - 0x00007ffbf8fca000 	C:\Windows\System32\WS2_32.dll
0x00007ffbf1a70000 - 0x00007ffbf1a7a000 	C:\Windows\SYSTEM32\VERSION.dll
0x00007ffbf3cc0000 - 0x00007ffbf3ceb000 	C:\Windows\SYSTEM32\WINMMBASE.dll
0x00007ffbf6400000 - 0x00007ffbf6442000 	C:\Windows\System32\cfgmgr32.dll
0x0000000059230000 - 0x000000005923f000 	C:\Program Files\Java\jdk1.8.0_121\jre\bin\verify.dll
0x0000000059200000 - 0x0000000059229000 	C:\Program Files\Java\jdk1.8.0_121\jre\bin\java.dll
0x00000000591e0000 - 0x00000000591f6000 	C:\Program Files\Java\jdk1.8.0_121\jre\bin\zip.dll
0x00007ffbf7270000 - 0x00007ffbf8778000 	C:\Windows\System32\SHELL32.dll
0x00007ffbf64b0000 - 0x00007ffbf6b8a000 	C:\Windows\System32\windows.storage.dll
0x00007ffbf6070000 - 0x00007ffbf60bc000 	C:\Windows\System32\powrprof.dll
0x00007ffbf7170000 - 0x00007ffbf71c2000 	C:\Windows\System32\shlwapi.dll
0x00007ffbf60d0000 - 0x00007ffbf60df000 	C:\Windows\System32\kernel.appcore.dll
0x00007ffbf6c90000 - 0x00007ffbf6d39000 	C:\Windows\System32\shcore.dll
0x00007ffbf6050000 - 0x00007ffbf6064000 	C:\Windows\System32\profapi.dll
0x0000000059040000 - 0x00000000591d8000 	C:\Program Files\Java\jdk1.8.0_121\jre\bin\awt.dll
0x00007ffbf9b20000 - 0x00007ffbf9bdf000 	C:\Windows\System32\OLEAUT32.dll
0x00007ffbf6360000 - 0x00007ffbf63fc000 	C:\Windows\System32\msvcp_win.dll
0x00007ffbf4310000 - 0x00007ffbf438a000 	C:\Windows\SYSTEM32\apphelp.dll
0x00007ffbf3b40000 - 0x00007ffbf3b66000 	C:\Windows\system32\DWMAPI.DLL
0x00007ffbf44b0000 - 0x00007ffbf4545000 	C:\Windows\system32\uxtheme.dll
0x00007ffbe44c0000 - 0x00007ffbe45e3000 	C:\Windows\system32\opengl32.dll
0x00007ffbf1970000 - 0x00007ffbf1a67000 	C:\Windows\SYSTEM32\DDRAW.dll
0x00007ffbf1710000 - 0x00007ffbf173d000 	C:\Windows\SYSTEM32\GLU32.dll
0x00007ffbf3d50000 - 0x00007ffbf3d58000 	C:\Windows\SYSTEM32\DCIMAN32.dll
0x00007ffbf8780000 - 0x00007ffbf88da000 	C:\Windows\System32\MSCTF.dll
0x00007ffbf9140000 - 0x00007ffbf9278000 	C:\Windows\System32\ole32.dll
0x0000000058ff0000 - 0x0000000059037000 	C:\Program Files\Java\jdk1.8.0_121\jre\bin\fontmanager.dll
0x0000000058fd0000 - 0x0000000058fea000 	C:\Program Files\Java\jdk1.8.0_121\jre\bin\net.dll
0x00007ffbf56a0000 - 0x00007ffbf56fc000 	C:\Windows\system32\mswsock.dll
0x0000000058fb0000 - 0x0000000058fc1000 	C:\Program Files\Java\jdk1.8.0_121\jre\bin\nio.dll
0x0000000058f60000 - 0x0000000058fa2000 	C:\Program Files\Java\jdk1.8.0_121\jre\bin\t2k.dll
0x00007ffbf71d0000 - 0x00007ffbf726f000 	C:\Windows\System32\clbcatq.dll
0x00007ffbf0ab0000 - 0x00007ffbf0c58000 	C:\Windows\SYSTEM32\WindowsCodecs.dll
0x00007ffbdff40000 - 0x00007ffbdff89000 	C:\Windows\system32\dataexchange.dll
0x00007ffbf40a0000 - 0x00007ffbf41f1000 	C:\Windows\system32\dcomp.dll
0x00007ffbf2ab0000 - 0x00007ffbf2d66000 	C:\Windows\system32\d3d11.dll
0x00007ffbf4c90000 - 0x00007ffbf4d2f000 	C:\Windows\system32\dxgi.dll
0x00007ffbf47c0000 - 0x00007ffbf48dc000 	C:\Windows\system32\twinapi.appcore.dll
0x00007ffbf5950000 - 0x00007ffbf597b000 	C:\Windows\system32\bcrypt.dll

VM Arguments:
jvm_args: -Dfile.encoding=Cp1252 
java_command: Management.CustomerDetails
java_class_path (initial): D:\JAVA\SARK HotelsS\bin;D:\KARAN\eclipse\plugins\org.eclipse.fx.ide.css.jfx8_2.4.0.201605112122.jar;D:\KARAN\eclipse\plugins\org.junit_4.12.0.v201504281640\junit.jar;D:\KARAN\eclipse\plugins\org.hamcrest.core_1.3.0.v201303031735.jar;C:\Users\Karan\Desktop\jcalendar-1.4.jar;C:\Users\Karan\Desktop\jdatepicker-1.3.0.jar
Launcher Type: SUN_STANDARD

Environment Variables:
JAVA_HOME=C:\Program Files\Java\jdk1.8.0_121
PATH=C:/Program Files/Java/jre1.8.0_131/bin/server;C:/Program Files/Java/jre1.8.0_131/bin;C:/Program Files/Java/jre1.8.0_131/lib/amd64;C:\oraclexe\app\oracle\product\10.2.0\server\bin;C:\ProgramData\Oracle\Java\javapath;C:\Program Files\Java\jdk1.8.0_121\bin;C:\Users\Karan\AppData\Local\Microsoft\WindowsApps;;D:\KARAN\eclipse;
USERNAME=Karan
OS=Windows_NT
PROCESSOR_IDENTIFIER=Intel64 Family 6 Model 69 Stepping 1, GenuineIntel



---------------  S Y S T E M  ---------------

OS: Windows 10.0 , 64 bit Build 14393 (10.0.14393.1198)

CPU:total 4 (2 cores per cpu, 2 threads per core) family 6 model 69 stepping 1, cmov, cx8, fxsr, mmx, sse, sse2, sse3, ssse3, sse4.1, sse4.2, popcnt, avx, avx2, aes, clmul, erms, lzcnt, ht, tsc, tscinvbit, bmi1, bmi2

Memory: 4k page, physical 4122776k(862836k free), swap 11610748k(13324k free)

vm_info: Java HotSpot(TM) 64-Bit Server VM (25.121-b13) for windows-amd64 JRE (1.8.0_121-b13), built on Dec 12 2016 18:21:36 by "java_re" with MS VC++ 10.0 (VS2010)

time: Fri Jun 30 11:24:01 2017
elapsed time: 0 seconds (0d 0h 0m 0s)

